{"/home/matt/frontend/src/components/auth/LoginForm.tsx": {"path":"/home/matt/frontend/src/components/auth/LoginForm.tsx","statementMap":{"0":{"start":{"line":12,"column":20},"end":{"line":15,"column":null}},"1":{"start":{"line":22,"column":25},"end":{"line":80,"column":null}},"2":{"start":{"line":23,"column":8},"end":{"line":23,"column":null}},"3":{"start":{"line":24,"column":18},"end":{"line":24,"column":null}},"4":{"start":{"line":25,"column":30},"end":{"line":25,"column":null}},"5":{"start":{"line":26,"column":28},"end":{"line":26,"column":null}},"6":{"start":{"line":32,"column":2},"end":{"line":34,"column":null}},"7":{"start":{"line":36,"column":19},"end":{"line":49,"column":null}},"8":{"start":{"line":37,"column":4},"end":{"line":48,"column":null}},"9":{"start":{"line":38,"column":6},"end":{"line":38,"column":null}},"10":{"start":{"line":39,"column":6},"end":{"line":39,"column":null}},"11":{"start":{"line":40,"column":23},"end":{"line":40,"column":null}},"12":{"start":{"line":41,"column":6},"end":{"line":41,"column":null}},"13":{"start":{"line":42,"column":6},"end":{"line":42,"column":null}},"14":{"start":{"line":44,"column":21},"end":{"line":44,"column":null}},"15":{"start":{"line":45,"column":6},"end":{"line":45,"column":null}},"16":{"start":{"line":47,"column":6},"end":{"line":47,"column":null}},"17":{"start":{"line":51,"column":2},"end":{"line":78,"column":null}}},"fnMap":{"0":{"name":"(anonymous_0)","decl":{"start":{"line":22,"column":25},"end":{"line":22,"column":31}},"loc":{"start":{"line":22,"column":31},"end":{"line":80,"column":null}},"line":22},"1":{"name":"(anonymous_1)","decl":{"start":{"line":36,"column":19},"end":{"line":36,"column":26}},"loc":{"start":{"line":36,"column":50},"end":{"line":49,"column":null}},"line":36}},"branchMap":{"0":{"loc":{"start":{"line":45,"column":18},"end":{"line":45,"column":69}},"type":"binary-expr","locations":[{"start":{"line":45,"column":18},"end":{"line":45,"column":36}},{"start":{"line":45,"column":36},"end":{"line":45,"column":69}}],"line":45},"1":{"loc":{"start":{"line":53,"column":7},"end":{"line":56,"column":null}},"type":"binary-expr","locations":[{"start":{"line":53,"column":7},"end":{"line":53,"column":null}},{"start":{"line":54,"column":8},"end":{"line":56,"column":null}}],"line":53}},"s":{"0":1,"1":1,"2":72,"3":72,"4":72,"5":72,"6":72,"7":72,"8":12,"9":12,"10":12,"11":12,"12":8,"13":8,"14":3,"15":3,"16":11,"17":72},"f":{"0":72,"1":12},"b":{"0":[3,1],"1":[72,5]},"meta":{"lastBranch":2,"lastFunction":2,"lastStatement":18,"seen":{"s:12:20:15:Infinity":0,"s:22:25:80:Infinity":1,"f:22:25:22:31":0,"s:23:8:23:Infinity":2,"s:24:18:24:Infinity":3,"s:25:30:25:Infinity":4,"s:26:28:26:Infinity":5,"s:32:2:34:Infinity":6,"s:36:19:49:Infinity":7,"f:36:19:36:26":1,"s:37:4:48:Infinity":8,"s:38:6:38:Infinity":9,"s:39:6:39:Infinity":10,"s:40:23:40:Infinity":11,"s:41:6:41:Infinity":12,"s:42:6:42:Infinity":13,"s:44:21:44:Infinity":14,"s:45:6:45:Infinity":15,"b:45:18:45:36:45:36:45:69":0,"s:47:6:47:Infinity":16,"s:51:2:78:Infinity":17,"b:53:7:53:Infinity:54:8:56:Infinity":1}}}
,"/home/matt/frontend/src/components/common/Button.tsx": {"path":"/home/matt/frontend/src/components/common/Button.tsx","statementMap":{"0":{"start":{"line":12,"column":22},"end":{"line":61,"column":null}},"1":{"start":{"line":20,"column":25},"end":{"line":24,"column":null}},"2":{"start":{"line":26,"column":2},"end":{"line":59,"column":null}}},"fnMap":{"0":{"name":"(anonymous_0)","decl":{"start":{"line":12,"column":22},"end":{"line":12,"column":23}},"loc":{"start":{"line":19,"column":19},"end":{"line":61,"column":null}},"line":19}},"branchMap":{"0":{"loc":{"start":{"line":13,"column":2},"end":{"line":13,"column":null}},"type":"default-arg","locations":[{"start":{"line":13,"column":12},"end":{"line":13,"column":null}}],"line":13},"1":{"loc":{"start":{"line":15,"column":2},"end":{"line":15,"column":null}},"type":"default-arg","locations":[{"start":{"line":15,"column":12},"end":{"line":15,"column":null}}],"line":15},"2":{"loc":{"start":{"line":17,"column":2},"end":{"line":17,"column":null}},"type":"default-arg","locations":[{"start":{"line":17,"column":14},"end":{"line":17,"column":null}}],"line":17},"3":{"loc":{"start":{"line":29,"column":16},"end":{"line":29,"column":null}},"type":"binary-expr","locations":[{"start":{"line":29,"column":16},"end":{"line":29,"column":28}},{"start":{"line":29,"column":28},"end":{"line":29,"column":null}}],"line":29},"4":{"loc":{"start":{"line":32,"column":7},"end":{"line":57,"column":null}},"type":"cond-expr","locations":[{"start":{"line":33,"column":8},"end":{"line":55,"column":null}},{"start":{"line":57,"column":8},"end":{"line":57,"column":null}}],"line":32}},"s":{"0":1,"1":72,"2":72},"f":{"0":72},"b":{"0":[72],"1":[72],"2":[72],"3":[72,72],"4":[3,69]},"meta":{"lastBranch":5,"lastFunction":1,"lastStatement":3,"seen":{"s:12:22:61:Infinity":0,"f:12:22:12:23":0,"b:13:12:13:Infinity":0,"b:15:12:15:Infinity":1,"b:17:14:17:Infinity":2,"s:20:25:24:Infinity":1,"s:26:2:59:Infinity":2,"b:29:16:29:28:29:28:29:Infinity":3,"b:33:8:55:Infinity:57:8:57:Infinity":4}}}
,"/home/matt/frontend/src/components/common/Input.tsx": {"path":"/home/matt/frontend/src/components/common/Input.tsx","statementMap":{"0":{"start":{"line":12,"column":13},"end":{"line":32,"column":null}},"1":{"start":{"line":14,"column":4},"end":{"line":29,"column":null}},"2":{"start":{"line":34,"column":0},"end":{"line":34,"column":null}}},"fnMap":{"0":{"name":"(anonymous_0)","decl":{"start":{"line":13,"column":2},"end":{"line":13,"column":3}},"loc":{"start":{"line":13,"column":55},"end":{"line":31,"column":null}},"line":13}},"branchMap":{"0":{"loc":{"start":{"line":13,"column":19},"end":{"line":13,"column":35}},"type":"default-arg","locations":[{"start":{"line":13,"column":31},"end":{"line":13,"column":35}}],"line":13},"1":{"loc":{"start":{"line":16,"column":9},"end":{"line":19,"column":null}},"type":"binary-expr","locations":[{"start":{"line":16,"column":9},"end":{"line":16,"column":null}},{"start":{"line":17,"column":10},"end":{"line":19,"column":null}}],"line":16},"2":{"loc":{"start":{"line":23,"column":30},"end":{"line":23,"column":56}},"type":"cond-expr","locations":[{"start":{"line":23,"column":38},"end":{"line":23,"column":54}},{"start":{"line":23,"column":54},"end":{"line":23,"column":56}}],"line":23},"3":{"loc":{"start":{"line":26,"column":9},"end":{"line":27,"column":null}},"type":"binary-expr","locations":[{"start":{"line":26,"column":9},"end":{"line":26,"column":null}},{"start":{"line":27,"column":10},"end":{"line":27,"column":null}}],"line":26}},"s":{"0":1,"1":144,"2":1},"f":{"0":144},"b":{"0":[144],"1":[144,144],"2":[4,140],"3":[144,4]},"meta":{"lastBranch":4,"lastFunction":1,"lastStatement":3,"seen":{"s:12:13:32:Infinity":0,"f:13:2:13:3":0,"b:13:31:13:35":0,"s:14:4:29:Infinity":1,"b:16:9:16:Infinity:17:10:19:Infinity":1,"b:23:38:23:54:23:54:23:56":2,"b:26:9:26:Infinity:27:10:27:Infinity":3,"s:34:0:34:Infinity":2}}}
,"/home/matt/frontend/src/stores/authStore.ts": {"path":"/home/matt/frontend/src/stores/authStore.ts","statementMap":{"0":{"start":{"line":17,"column":13},"end":{"line":49,"column":null}},"1":{"start":{"line":19,"column":14},"end":{"line":39,"column":null}},"2":{"start":{"line":25,"column":8},"end":{"line":29,"column":null}},"3":{"start":{"line":33,"column":8},"end":{"line":37,"column":null}},"4":{"start":{"line":42,"column":30},"end":{"line":46,"column":null}}},"fnMap":{"0":{"name":"(anonymous_0)","decl":{"start":{"line":19,"column":4},"end":{"line":19,"column":5}},"loc":{"start":{"line":19,"column":14},"end":{"line":39,"column":null}},"line":19},"1":{"name":"(anonymous_1)","decl":{"start":{"line":24,"column":15},"end":{"line":24,"column":16}},"loc":{"start":{"line":24,"column":46},"end":{"line":30,"column":null}},"line":24},"2":{"name":"(anonymous_2)","decl":{"start":{"line":32,"column":17},"end":{"line":32,"column":23}},"loc":{"start":{"line":32,"column":23},"end":{"line":38,"column":null}},"line":32},"3":{"name":"(anonymous_3)","decl":{"start":{"line":42,"column":18},"end":{"line":42,"column":19}},"loc":{"start":{"line":42,"column":30},"end":{"line":46,"column":null}},"line":42}},"branchMap":{},"s":{"0":2,"1":2,"2":28,"3":7,"4":82},"f":{"0":2,"1":28,"2":7,"3":82},"b":{},"meta":{"lastBranch":0,"lastFunction":4,"lastStatement":5,"seen":{"s:17:13:49:Infinity":0,"f:19:4:19:5":0,"s:19:14:39:Infinity":1,"f:24:15:24:16":1,"s:25:8:29:Infinity":2,"f:32:17:32:23":2,"s:33:8:37:Infinity":3,"f:42:18:42:19":3,"s:42:30:46:Infinity":4}}}
}
